mode: set
github.com/samerzmd/go-jormall-sms/client.go:22.61,27.2 1 1
github.com/samerzmd/go-jormall-sms/methods.go:14.53,21.19 6 1
github.com/samerzmd/go-jormall-sms/methods.go:21.19,23.6 1 0
github.com/samerzmd/go-jormall-sms/methods.go:24.5,27.19 3 1
github.com/samerzmd/go-jormall-sms/methods.go:27.19,29.6 1 0
github.com/samerzmd/go-jormall-sms/methods.go:30.5,33.19 3 1
github.com/samerzmd/go-jormall-sms/methods.go:33.19,35.6 1 0
github.com/samerzmd/go-jormall-sms/methods.go:38.5,40.19 3 1
github.com/samerzmd/go-jormall-sms/methods.go:40.19,42.6 1 0
github.com/samerzmd/go-jormall-sms/methods.go:44.5,44.24 1 1
github.com/samerzmd/go-jormall-sms/methods.go:48.75,58.19 9 1
github.com/samerzmd/go-jormall-sms/methods.go:58.19,60.6 1 0
github.com/samerzmd/go-jormall-sms/methods.go:61.5,64.19 3 1
github.com/samerzmd/go-jormall-sms/methods.go:64.19,66.6 1 0
github.com/samerzmd/go-jormall-sms/methods.go:67.5,70.19 3 1
github.com/samerzmd/go-jormall-sms/methods.go:70.19,72.6 1 0
github.com/samerzmd/go-jormall-sms/methods.go:75.5,76.23 2 1
github.com/samerzmd/go-jormall-sms/methods.go:76.23,78.6 1 0
github.com/samerzmd/go-jormall-sms/methods.go:79.5,81.26 2 1
github.com/samerzmd/go-jormall-sms/methods.go:84.89,97.19 11 1
github.com/samerzmd/go-jormall-sms/methods.go:97.19,99.6 1 0
github.com/samerzmd/go-jormall-sms/methods.go:100.5,103.19 3 1
github.com/samerzmd/go-jormall-sms/methods.go:103.19,105.6 1 0
github.com/samerzmd/go-jormall-sms/methods.go:106.5,109.19 3 1
github.com/samerzmd/go-jormall-sms/methods.go:109.19,111.6 1 0
github.com/samerzmd/go-jormall-sms/methods.go:113.5,114.23 2 1
github.com/samerzmd/go-jormall-sms/methods.go:114.23,116.6 1 0
github.com/samerzmd/go-jormall-sms/methods.go:117.5,119.26 2 1
github.com/samerzmd/go-jormall-sms/methods.go:123.74,133.19 9 1
github.com/samerzmd/go-jormall-sms/methods.go:133.19,135.6 1 0
github.com/samerzmd/go-jormall-sms/methods.go:136.5,139.19 3 1
github.com/samerzmd/go-jormall-sms/methods.go:139.19,141.6 1 0
github.com/samerzmd/go-jormall-sms/methods.go:142.5,146.19 3 1
github.com/samerzmd/go-jormall-sms/methods.go:146.19,148.6 1 0
github.com/samerzmd/go-jormall-sms/methods.go:150.5,151.23 2 1
github.com/samerzmd/go-jormall-sms/methods.go:151.23,153.6 1 0
github.com/samerzmd/go-jormall-sms/methods.go:154.5,156.26 2 1
